[2016-05-27 14:34:36] config.INFO: NormalizeDate {"Record key":8,"Source date value":"1858-01-06","Normalized MODS XML element":"<originInfo><dateIssued keyDate=\"yes\">1858-01-06</dateIssued></originInfo>"} []
[2016-05-27 14:34:36] config.INFO: NormalizeDate {"Record key":8,"Source date value":"1858-01-06","Normalized MODS XML element":"<originInfo><dateIssued qualifier=\"inferred\">1858-01-06</dateIssued></originInfo>"} []
[2016-05-27 14:40:34] config.INFO: NormalizeDate {"Record key":8,"Source date value":"1858-01-06","Normalized MODS XML element":"<originInfo><dateIssued keyDate=\"yes\">1858-01-06</dateIssued></originInfo>"} []
[2016-05-27 14:40:34] config.INFO: NormalizeDate {"Record key":8,"Source date value":"1858-01-06","Normalized MODS XML element":"<originInfo><dateIssued qualifier=\"inferred\">1858-01-06</dateIssued></originInfo>"} []
[2016-05-30 08:23:54] config.INFO: NormalizeDate {"Record key":8,"Source date value":"1858-01-06","Normalized MODS XML element":"<originInfo><dateIssued keyDate=\"yes\">1858-01-06</dateIssued></originInfo>"} []
[2016-05-30 08:23:54] config.INFO: NormalizeDate {"Record key":8,"Source date value":"1858-01-06","Normalized MODS XML element":"<originInfo><dateIssued qualifier=\"inferred\">1858-01-06</dateIssued></originInfo>"} []
[2016-05-31 08:21:25] config.WARNING: NormalizeDate {"Record key":17,"Source date value does not match any pattern":"2014-05"} []
[2016-05-31 08:32:31] config.WARNING: NormalizeDate {"Record key":17,"Source date value does not match any pattern":"2014-05"} []
[2016-05-31 08:37:13] config.WARNING: NormalizeDate {"Record key":0,"Source date value does not match any pattern":"1905"} []
[2016-05-31 08:43:24] config.WARNING: NormalizeDate {"Record key":0,"Source date value does not match any pattern":"1905"} []
[2016-05-31 08:50:09] config.INFO: NormalizeDate {"Record key":327,"Source date value":"1940-08-09","Normalized MODS XML element":"<originInfo><dateIssued keyDate=\"yes\">1940-08-09</dateIssued></originInfo>"} []
[2016-05-31 08:51:56] config.INFO: NormalizeDate {"Record key":327,"Source date value":"1940-08-09","Normalized MODS XML element":"<originInfo><dateIssued keyDate=\"yes\">1940-08-09</dateIssued></originInfo>"} []
[2016-05-31 08:52:12] config.INFO: NormalizeDate {"Record key":279,"Source date value":"1939-08-01","Normalized MODS XML element":"<originInfo><dateIssued keyDate=\"yes\">1939-08-01</dateIssued></originInfo>"} []
[2016-05-31 08:52:35] config.INFO: NormalizeDate {"Record key":312,"Source date value":"1944-01-31","Normalized MODS XML element":"<originInfo><dateIssued keyDate=\"yes\">1944-01-31</dateIssued></originInfo>"} []
[2016-06-01 08:35:20] config.WARNING: NormalizeDate {"Record key":327,"Source date value does not match any pattern":"Between 1979 and 1983"} []
[2016-06-01 08:43:08] config.WARNING: NormalizeDate {"Record key":327,"Source date value does not match any pattern":"Between 1979 and 1983"} []
[2016-06-01 08:43:34] config.WARNING: NormalizeDate {"Record key":711,"Source date value does not match any pattern":"Between 1979 and 1983"} []
[2016-06-01 08:44:01] config.WARNING: NormalizeDate {"Record key":1095,"Source date value does not match any pattern":"Between 1979 and 1983"} []
[2016-06-01 13:11:41] config.INFO: NormalizeDate {"Record key":327,"Source date value":"1962-12-06","Normalized MODS XML element":"<originInfo><dateIssued keyDate=\"yes\">1962-12-06</dateIssued></originInfo>"} []
[2016-06-01 13:12:01] config.INFO: NormalizeDate {"Record key":279,"Source date value":"1956-12-20","Normalized MODS XML element":"<originInfo><dateIssued keyDate=\"yes\">1956-12-20</dateIssued></originInfo>"} []
[2016-06-01 13:12:23] config.INFO: NormalizeDate {"Record key":312,"Source date value":"1960-12-28","Normalized MODS XML element":"<originInfo><dateIssued keyDate=\"yes\">1960-12-28</dateIssued></originInfo>"} []
[2016-06-01 13:12:55] config.INFO: NormalizeDate {"Record key":242,"Source date value":"1953-10-20","Normalized MODS XML element":"<originInfo><dateIssued keyDate=\"yes\">1953-10-20</dateIssued></originInfo>"} []
[2016-06-01 13:13:14] config.INFO: NormalizeDate {"Record key":17,"Source date value":"1933-09-29","Normalized MODS XML element":"<originInfo><dateIssued keyDate=\"yes\">1933-09-29</dateIssued></originInfo>"} []
[2016-06-01 13:13:33] config.INFO: NormalizeDate {"Record key":401,"Source date value":"1971-12-03","Normalized MODS XML element":"<originInfo><dateIssued keyDate=\"yes\">1971-12-03</dateIssued></originInfo>"} []
[2016-06-01 13:13:52] config.INFO: NormalizeDate {"Record key":337,"Source date value":"1963-12-20","Normalized MODS XML element":"<originInfo><dateIssued keyDate=\"yes\">1963-12-20</dateIssued></originInfo>"} []
[2016-06-01 13:14:12] config.INFO: NormalizeDate {"Record key":213,"Source date value":"1950-03-17","Normalized MODS XML element":"<originInfo><dateIssued keyDate=\"yes\">1950-03-17</dateIssued></originInfo>"} []
[2016-06-01 13:14:30] config.INFO: NormalizeDate {"Record key":243,"Source date value":"1953-11-03","Normalized MODS XML element":"<originInfo><dateIssued keyDate=\"yes\">1953-11-03</dateIssued></originInfo>"} []
[2016-06-01 13:14:46] config.INFO: NormalizeDate {"Record key":295,"Source date value":"1958-10-14","Normalized MODS XML element":"<originInfo><dateIssued keyDate=\"yes\">1958-10-14</dateIssued></originInfo>"} []
[2016-06-02 09:37:26] config.INFO: NormalizeDate {"Record key":17,"Source date value":"2005-03-17","Normalized MODS XML element":"<originInfo><dateIssued keyDate=\"yes\">2005-03-17</dateIssued></originInfo>"} []
[2016-06-02 09:43:11] config.INFO: NormalizeDate {"Record key":17,"Source date value":"2005-03-17","Normalized MODS XML element":"<originInfo><dateIssued keyDate=\"yes\">2005-03-17</dateIssued></originInfo>"} []
[2016-06-02 09:44:39] config.WARNING: NormalizeDate {"Record key":327,"Source date value does not match any pattern":"ca. 1935"} []
[2016-06-02 09:51:02] config.INFO: NormalizeDate {"Record key":17,"Source date value":"10/25/1977","Normalized MODS XML element":"<originInfo><dateIssued keyDate=\"yes\">1977-25-10</dateIssued></originInfo>"} []
[2016-06-02 09:51:02] config.WARNING: NormalizeDate {"Record key":17,"Normalized date value is not a valid date":"1977-25-10"} []
[2016-06-02 09:53:43] config.INFO: NormalizeDate {"Record key":17,"Source date value":"1900-10-09","Normalized MODS XML element":"<originInfo><dateIssued keyDate=\"yes\">1900-10-09</dateIssued></originInfo>"} []
[2016-06-02 09:56:05] config.INFO: NormalizeDate {"Record key":17,"Source date value":"1900-10-09","Normalized MODS XML element":"<originInfo><dateIssued keyDate=\"yes\">1900-10-09</dateIssued></originInfo>"} []
[2016-06-02 09:58:15] config.WARNING: NormalizeDate {"Record key":17,"Source date value does not match any pattern":"Between 1890 and 1906"} []
