[2016-05-27 14:34:11] config.INFO: MIK Configuration {"config_id":"MPF"} []
[2016-05-27 14:34:11] config.INFO: MIK Configuration {"last_updated_on":"2016-04-04"} []
[2016-05-27 14:34:11] config.INFO: MIK Configuration {"last_update_by":"us"} []
[2016-05-27 14:34:11] Info.INFO: MIK started running May 27, 2016, 2:34 pm  [] []
[2016-05-27 14:34:36] metadataparsers.WARNING: Mappings file contains a row Transcription that is not in source CONTENTdm metadata for this object. {"Source fieldname":"Transcription"} []
[2016-05-27 14:34:36] metadataparsers.WARNING: Mappings file contains a row Image Manipulation (Archival) that is not in source CONTENTdm metadata for this object. {"Source fieldname":"Image Manipulation (Archival)"} []
[2016-05-27 14:34:36] metadataparsers.WARNING: Mappings file contains a row null  that is not in source CONTENTdm metadata for this object. {"Source fieldname":"null "} []
[2016-05-27 14:34:38] Info.INFO: Completed in 0.5232790350914 minutes.  [] []
[2016-05-27 14:40:15] config.INFO: MIK Configuration {"config_id":"MPF"} []
[2016-05-27 14:40:15] config.INFO: MIK Configuration {"last_updated_on":"2016-04-04"} []
[2016-05-27 14:40:15] config.INFO: MIK Configuration {"last_update_by":"us"} []
[2016-05-27 14:40:15] Info.INFO: MIK started running May 27, 2016, 2:40 pm  [] []
[2016-05-27 14:40:34] metadataparsers.WARNING: Mappings file contains a row Transcription that is not in source CONTENTdm metadata for this object. {"Source fieldname":"Transcription"} []
[2016-05-27 14:40:34] metadataparsers.WARNING: Mappings file contains a row Image Manipulation (Archival) that is not in source CONTENTdm metadata for this object. {"Source fieldname":"Image Manipulation (Archival)"} []
[2016-05-27 14:40:34] metadataparsers.WARNING: Mappings file contains a row null  that is not in source CONTENTdm metadata for this object. {"Source fieldname":"null "} []
[2016-05-27 14:40:36] Info.INFO: Completed in 0.36716814835866 minutes.  [] []
[2016-05-30 08:23:38] config.INFO: MIK Configuration {"config_id":"MPF"} []
[2016-05-30 08:23:38] config.INFO: MIK Configuration {"last_updated_on":"2016-04-04"} []
[2016-05-30 08:23:38] config.INFO: MIK Configuration {"last_update_by":"us"} []
[2016-05-30 08:23:38] Info.INFO: MIK started running May 30, 2016, 8:23 am  [] []
[2016-05-30 08:23:54] metadataparsers.WARNING: Mappings file contains a row Transcription that is not in source CONTENTdm metadata for this object. {"Source fieldname":"Transcription"} []
[2016-05-30 08:23:54] metadataparsers.WARNING: Mappings file contains a row Image Manipulation (Archival) that is not in source CONTENTdm metadata for this object. {"Source fieldname":"Image Manipulation (Archival)"} []
[2016-05-30 08:23:57] Info.INFO: Completed in 0.3468644340833 minutes.  [] []
[2016-05-30 08:29:48] config.INFO: MIK Configuration {"config_id":"MPF"} []
[2016-05-30 08:29:48] config.INFO: MIK Configuration {"last_updated_on":"2016-04-04"} []
[2016-05-30 08:29:48] config.INFO: MIK Configuration {"last_update_by":"us"} []
[2016-05-30 08:29:48] Info.INFO: MIK started running May 30, 2016, 8:29 am  [] []
[2016-05-30 08:30:01] metadataparsers.WARNING: Mappings file contains a row Transcription that is not in source CONTENTdm metadata for this object. {"Source fieldname":"Transcription"} []
[2016-05-30 08:30:01] metadataparsers.WARNING: Mappings file contains a row Image Manipulation (Archival) that is not in source CONTENTdm metadata for this object. {"Source fieldname":"Image Manipulation (Archival)"} []
[2016-05-30 08:30:03] Info.INFO: Completed in 0.27614878416061 minutes.  [] []
[2016-05-31 08:21:11] config.INFO: MIK Configuration {"config_id":"p16313coll74"} []
[2016-05-31 08:21:11] config.INFO: MIK Configuration {"last_updated_on":"2016-04-04"} []
[2016-05-31 08:21:11] config.INFO: MIK Configuration {"last_update_by":"us"} []
[2016-05-31 08:21:11] Info.INFO: MIK started running May 31, 2016, 8:21 am  [] []
[2016-05-31 08:21:25] metadataparsers.WARNING: Mappings file contains a row Type that is not in source CONTENTdm metadata for this object. {"Source fieldname":"Type"} []
[2016-05-31 08:21:25] metadataparsers.WARNING: Mappings file contains a row Language that is not in source CONTENTdm metadata for this object. {"Source fieldname":"Language"} []
[2016-05-31 08:21:25] metadataparsers.WARNING: Mappings file contains a row Source that is not in source CONTENTdm metadata for this object. {"Source fieldname":"Source"} []
[2016-05-31 08:21:25] metadataparsers.WARNING: Mappings file contains a row File Size that is not in source CONTENTdm metadata for this object. {"Source fieldname":"File Size"} []
[2016-05-31 08:21:30] Info.INFO: Completed in 0.3509158651034 minutes.  [] []
