[2016-05-27 14:34:23] ProblemRecords.INFO: Initializing log {"configuration":{"config_id":"MPF","last_updated_on":"2016-04-04","last_update_by":"us"}} []
[2016-05-27 14:40:20] ProblemRecords.INFO: Initializing log {"configuration":{"config_id":"MPF","last_updated_on":"2016-04-04","last_update_by":"us"}} []
[2016-05-30 08:23:42] ProblemRecords.INFO: Initializing log {"configuration":{"config_id":"MPF","last_updated_on":"2016-04-04","last_update_by":"us"}} []
[2016-05-30 08:29:49] ProblemRecords.INFO: Initializing log {"configuration":{"config_id":"MPF","last_updated_on":"2016-04-04","last_update_by":"us"}} []
[2016-05-31 08:21:15] ProblemRecords.INFO: Initializing log {"configuration":{"config_id":"p16313coll74","last_updated_on":"2016-04-04","last_update_by":"us"}} []
[2016-05-31 08:32:22] ProblemRecords.INFO: Initializing log {"configuration":{"config_id":"p16313coll74","last_updated_on":"2016-04-04","last_update_by":"us"}} []
[2016-05-31 08:37:03] ProblemRecords.INFO: Initializing log {"configuration":{"config_id":"p16313coll62","last_updated_on":"2016-04-04","last_update_by":"us"}} []
[2016-05-31 08:43:15] ProblemRecords.INFO: Initializing log {"configuration":{"config_id":"p16313coll62","last_updated_on":"2016-04-04","last_update_by":"us"}} []
[2016-05-31 08:49:56] ProblemRecords.INFO: Initializing log {"configuration":{"config_id":"HIC","last_updated_on":"2016-04-04","last_update_by":"us"}} []
[2016-05-31 08:51:44] ProblemRecords.INFO: Initializing log {"configuration":{"config_id":"HIC","last_updated_on":"2016-04-04","last_update_by":"us"}} []
[2016-06-01 08:35:05] ProblemRecords.INFO: Initializing log {"configuration":{"config_id":"CLF","last_updated_on":"2016-04-04","last_update_by":"us"}} []
[2016-06-01 08:42:55] ProblemRecords.INFO: Initializing log {"configuration":{"config_id":"CLF","last_updated_on":"2016-04-04","last_update_by":"us"}} []
[2016-06-01 09:37:18] ProblemRecords.INFO: Initializing log {"configuration":{"config_id":"MPA","last_updated_on":"2016-04-04","last_update_by":"us"}} []
[2016-06-01 09:48:30] ProblemRecords.INFO: Initializing log {"configuration":{"config_id":"NCC","last_updated_on":"2016-04-04","last_update_by":"us"}} []
[2016-06-01 13:11:27] ProblemRecords.INFO: Initializing log {"configuration":{"config_id":"p15140coll16","last_updated_on":"2016-04-04","last_update_by":"us"}} []
[2016-06-02 09:36:44] ProblemRecords.INFO: Initializing log {"configuration":{"config_id":"LOH","last_updated_on":"2016-04-04","last_update_by":"us"}} []
[2016-06-02 09:37:29] ProblemRecords.ERROR: 17 [] []
[2016-06-02 09:42:05] ProblemRecords.INFO: Initializing log {"configuration":{"config_id":"LOH","last_updated_on":"2016-04-04","last_update_by":"us"}} []
[2016-06-02 09:44:14] ProblemRecords.INFO: Initializing log {"configuration":{"config_id":"JAZ","last_updated_on":"2016-04-04","last_update_by":"us"}} []
[2016-06-02 09:49:24] ProblemRecords.INFO: Initializing log {"configuration":{"config_id":"OMSA","last_updated_on":"2016-04-04","last_update_by":"us"}} []
[2016-06-02 09:50:34] ProblemRecords.INFO: Initializing log {"configuration":{"config_id":"ACC","last_updated_on":"2016-04-04","last_update_by":"us"}} []
[2016-06-02 09:53:24] ProblemRecords.INFO: Initializing log {"configuration":{"config_id":"RTP","last_updated_on":"2016-04-04","last_update_by":"us"}} []
[2016-06-02 09:53:43] ProblemRecords.ERROR: 17 [] []
[2016-06-02 09:55:15] ProblemRecords.INFO: Initializing log {"configuration":{"config_id":"RTP","last_updated_on":"2016-04-04","last_update_by":"us"}} []
[2016-06-02 09:57:54] ProblemRecords.INFO: Initializing log {"configuration":{"config_id":"OSC","last_updated_on":"2016-04-04","last_update_by":"us"}} []
[2016-06-02 15:37:19] ProblemRecords.INFO: Initializing log {"configuration":{"config_id":"OMSA","last_updated_on":"2016-04-04","last_update_by":"us"}} []
[2016-06-02 15:56:50] ProblemRecords.INFO: Initializing log {"configuration":{"config_id":"JAZ","last_updated_on":"2016-04-04","last_update_by":"us"}} []
[2016-06-02 15:58:51] ProblemRecords.ERROR: 1095 [] []
[2016-06-03 08:18:45] ProblemRecords.INFO: Initializing log {"configuration":{"config_id":"JAZ","last_updated_on":"2016-04-04","last_update_by":"us"}} []
[2016-06-03 08:19:55] ProblemRecords.ERROR: 1095 [] []
[2016-06-03 10:41:12] ProblemRecords.INFO: Initializing log {"configuration":{"config_id":"p16313coll74","last_updated_on":"2016-04-04","last_update_by":"us"}} []
